<?xml version="1.0" encoding="UTF-8"?>
<!-- Generated by org.testng.reporters.JUnitReportReporter -->
<testsuite hostname="MECHANICAL" name="com.rmgyantra.api.projecttest.CreateProject_dataProvider" tests="4" failures="0" timestamp="18 Aug 2020 15:26:31 GMT" time="3.152" errors="0">
  <testcase name="createProjectTest" time="0.078" classname="com.rmgyantra.api.projecttest.CreateProject_dataProvider"/>
  <testcase name="createProjectTest" time="0.078" classname="com.rmgyantra.api.projecttest.CreateProject_dataProvider"/>
  <testcase name="createProjectTest" time="2.918" classname="com.rmgyantra.api.projecttest.CreateProject_dataProvider"/>
  <testcase name="createProjectTest" time="0.078" classname="com.rmgyantra.api.projecttest.CreateProject_dataProvider"/>
</testsuite> <!-- com.rmgyantra.api.projecttest.CreateProject_dataProvider -->
